<?xml version="1.0" encoding="UTF-8"?>
<!-- Generated by org.testng.reporters.JUnitXMLReporter -->
<testsuite ignored="0" hostname="DESKTOP-A0O6G1D" failures="1" tests="1" name="Test" time="0.185" errors="0" timestamp="14 Apr 2023 06:07:40 GMT">
  <testcase classname="TS_package.TestCase1" name="testcase1_1" time="0.125">
    <failure type="java.lang.IllegalStateException" message="The driver executable does not exist: C:\src\test\resources\exe_folder\chromedriver.exe">
      <![CDATA[java.lang.IllegalStateException: The driver executable does not exist: C:\src\test\resources\exe_folder\chromedriver.exe
at com.google.common.base.Preconditions.checkState(Preconditions.java:585)
at org.openqa.selenium.remote.service.DriverService.checkExecutable(DriverService.java:146)
at org.openqa.selenium.remote.service.DriverService.findExecutable(DriverService.java:141)
at org.openqa.selenium.chrome.ChromeDriverService.access$000(ChromeDriverService.java:35)
at org.openqa.selenium.chrome.ChromeDriverService$Builder.findDefaultExecutable(ChromeDriverService.java:159)
at org.openqa.selenium.remote.service.DriverService$Builder.build(DriverService.java:355)
at org.openqa.selenium.chrome.ChromeDriverService.createDefaultService(ChromeDriverService.java:94)
at org.openqa.selenium.chrome.ChromeDriver.<init>(ChromeDriver.java:123)
at TS_package.TestCase1.testcase1_1(TestCase1.java:13)
... Removed 25 stack frames]]>
    </failure>
  </testcase> <!-- testcase1_1 -->
</testsuite> <!-- Test -->
